DavidAnson.vscode-markdownlint@0.34.0
DotJoshJohnson.xml@2.5.0
EditorConfig.EditorConfig@0.14.4
GitHub.vscode-pull-request-github@0.14.0
GrapeCity.gc-excelviewer@2.1.33
PKief.material-icon-theme@3.9.3
Shan.code-settings-sync@3.4.3
VisualStudioExptTeam.vscodeintellicode@1.2.5
alefragnani.project-manager@10.10.0
aws-scripting-guy.cform@0.0.24
ban.spellright@3.0.50
bibhasdn.django-html@1.3.0
bierner.emojisense@0.5.3
bierner.markdown-preview-github-styles@0.1.6
bigonesystems.django@1.0.2
bungcip.better-toml@0.3.2
christian-kohler.path-intellisense@1.4.2
darkriszty.markdown-table-prettify@2.4.0
donjayamanne.githistory@0.5.3
dracula-theme.theme-dracula@2.20.0
dunstontc.viml@0.1.7
dzannotti.vscode-babel-coloring@0.0.4
eamodio.gitlens@10.2.1
esbenp.prettier-vscode@3.20.0
gamunu.vscode-yarn@1.7.0
kddejong.vscode-cfn-lint@0.10.7
magicstack.MagicPython@1.1.0
mauve.terraform@1.4.0
mechatroner.rainbow-csv@1.5.0
migrs.vimacs@1.1.1
ms-azuretools.vscode-docker@0.10.0
ms-pyright.pyright@1.1.24
ms-python.python@2020.2.63072
ms-vscode-remote.remote-containers@0.101.1
ms-vscode.Go@0.13.0
ms-vscode.vscode-typescript-tslint-plugin@1.2.3
msjsdiag.debugger-for-chrome@4.12.6
mtxr.sqltools@0.21.6
redhat.vscode-yaml@0.7.2
sensourceinc.vscode-sql-beautify@0.0.4
shanoor.vscode-nginx@0.6.0
shardulm94.trailing-spaces@0.3.1
shd101wyy.markdown-preview-enhanced@0.5.2
stkb.rewrap@1.9.1
timonwong.shellcheck@0.9.0
vscodevim.vim@1.12.4
wayou.vscode-todo-highlight@1.0.4
yzhang.markdown-all-in-one@2.7.0
zhuangtongfa.material-theme@3.2.2
